2026-06-28 04:32:26,837 INFO === Polygon US prices 2024-06-28..2026-06-28 (free tier, ~13s/call) ===
2026-06-28 04:32:26 | INFO     | db                           | [us_prices] Starting
2026-06-28 04:32:27,217 INFO   AAPL: 500 bars (1/30)
2026-06-28 04:32:40,470 INFO   ADBE: 500 bars (2/30)
2026-06-28 04:32:53,721 INFO   AMD: 500 bars (3/30)
2026-06-28 04:33:06,970 INFO   AMZN: 500 bars (4/30)
2026-06-28 04:33:20,215 INFO   AVGO: 500 bars (5/30)
2026-06-28 04:33:33,466 INFO   BAC: 500 bars (6/30)
2026-06-28 04:33:46,722 INFO   COST: 500 bars (7/30)
2026-06-28 04:33:59,967 INFO   CRM: 500 bars (8/30)
2026-06-28 04:34:13,231 INFO   CSCO: 500 bars (9/30)
2026-06-28 04:34:26,495 INFO   DIS: 500 bars (10/30)
2026-06-28 04:34:39,737 INFO   GOOGL: 500 bars (11/30)
2026-06-28 04:34:53,001 INFO   HD: 500 bars (12/30)
2026-06-28 04:35:06,257 INFO   INTC: 500 bars (13/30)
2026-06-28 04:35:19,544 INFO   JNJ: 500 bars (14/30)
2026-06-28 04:35:32,808 INFO   JPM: 500 bars (15/30)
2026-06-28 04:35:46,321 INFO   KO: 500 bars (16/30)
2026-06-28 04:35:59,582 INFO   MA: 500 bars (17/30)
2026-06-28 04:36:12,851 INFO   META: 500 bars (18/30)
2026-06-28 04:36:26,134 INFO   MSFT: 500 bars (19/30)
2026-06-28 04:36:39,450 INFO   NFLX: 500 bars (20/30)
2026-06-28 04:36:52,718 INFO   NKE: 500 bars (21/30)
2026-06-28 04:37:05,999 INFO   NVDA: 500 bars (22/30)
2026-06-28 04:37:19,258 INFO   ORCL: 500 bars (23/30)
2026-06-28 04:37:32,525 INFO   PEP: 500 bars (24/30)
2026-06-28 04:37:45,784 INFO   PG: 500 bars (25/30)
2026-06-28 04:37:59,077 INFO   TSLA: 500 bars (26/30)
2026-06-28 04:38:12,344 INFO   UNH: 500 bars (27/30)
2026-06-28 04:38:25,579 INFO   V: 500 bars (28/30)
2026-06-28 04:38:38,836 INFO   WMT: 500 bars (29/30)
2026-06-28 04:38:52,180 INFO   XOM: 500 bars (30/30)
2026-06-28 04:38:52 | INFO     | db                           | [us_prices] Done
2026-06-28 04:38:52,188 INFO us_prices: 15000 bars across 30/30 stocks
Done: {'rows_upserted': 15000, 'stocks_with_data': 30}
